<?xml version="1.0" encoding="UTF-8"?>
<testsuite name="Utest World" tests="1" skipped="1" failures="0" errors="0" timestamp="2021-12-21T03:10:40" hostname="ASUS" time="0.186">
  <properties/>
  <testcase name="Register in uTest community" classname="Utest World" time="0.186">
    <skipped/>
  </testcase>
  <system-out><![CDATA[]]></system-out>
  <system-err><![CDATA[[Test worker] WARN net.thucydides.core.steps.BaseStepListener - stepStarted: net.thucydides.core.steps.ExecutedStepDescription@2512f346
[Test worker] INFO net.thucydides.core.steps.ConsoleLoggingListener - TEST PENDING
[Test worker] WARN net.thucydides.core.steps.BaseStepListener - stepStarted: net.thucydides.core.steps.ExecutedStepDescription@6d362aaa
[Test worker] WARN net.thucydides.core.steps.BaseStepListener - stepStarted: net.thucydides.core.steps.ExecutedStepDescription@9b04dca
[Test worker] WARN net.thucydides.core.steps.BaseStepListener - testFinished: Register in uTest community:Given than Evaristo wants to join the uTest community, When he search for the registration form in the uTest community web page, Then he registers his information and see the account register confirmation
[Test worker] WARN net.thucydides.core.steps.BaseStepListener - TestOutcomes: [Register in uTest community:Given than Evaristo wants to join the uTest community, When he search for the registration form in the uTest community web page, Then he registers his information and see the account register confirmation]
[Test worker] WARN net.thucydides.core.steps.BaseStepListener - Final testOutcomes: [Register in uTest community:Given than Evaristo wants to join the uTest community, When he search for the registration form in the uTest community web page, Then he registers his information and see the account register confirmation]
[Test worker] INFO net.thucydides.core.steps.ConsoleLoggingListener - 
          __  _____ _____ ____ _____   ____  _____ _   _ ____ ___ _   _  ____ 
 _       / / |_   _| ____/ ___|_   _| |  _ \| ____| \ | |  _ \_ _| \ | |/ ___|
(_)____ / /    | | |  _| \___ \ | |   | |_) |  _| |  \| | | | | ||  \| | |  _ 
 |_____/ /     | | | |___ ___) || |   |  __/| |___| |\  | |_| | || |\  | |_| |
(_)   /_/      |_| |_____|____/ |_|   |_|   |_____|_| \_|____/___|_| \_|\____|
                                                                                

TEST PENDING: Register in uTest community
---------------------------------------------------------------------------------
]]></system-err>
</testsuite>
