<?xml version="1.0" encoding="UTF-8"?>
<testsuite name="Utest World" tests="1" skipped="0" failures="0" errors="0" timestamp="2021-12-21T07:32:52" hostname="ASUS" time="21.056">
  <properties/>
  <testcase name="Register in uTest community" classname="Utest World" time="21.056"/>
  <system-out><![CDATA[]]></system-out>
  <system-err><![CDATA[[Test worker] WARN net.thucydides.core.steps.BaseStepListener - stepStarted: net.thucydides.core.steps.ExecutedStepDescription@6db3184c
[Test worker] WARN net.thucydides.core.steps.BaseStepListener - stepStarted: net.thucydides.core.steps.ExecutedStepDescription@28ef602
[Test worker] WARN net.thucydides.core.steps.BaseStepListener - stepStarted: net.thucydides.core.steps.ExecutedStepDescription@fef9c59
dic 21, 2021 2:32:53 AM org.openqa.selenium.remote.DesiredCapabilities chrome
INFORMACIÓN: Using `new ChromeOptions()` is preferred to `DesiredCapabilities.chrome()`
[Test worker] INFO net.serenitybdd.core.webdriver.driverproviders.ProvideNewDriver - Instantiating driver
[Test worker] INFO net.serenitybdd.core.webdriver.driverproviders.ProvideNewDriver - Driver capabilities: Capabilities {acceptInsecureCerts: false, browserName: chrome, chrome.switches: --start-maximized, goog:chromeOptions: {args: [--start-maximized], extensions: []}, loggingPrefs: org.openqa.selenium.logging..., platform: ANY, version: }
Starting ChromeDriver 96.0.4664.45 (76e4c1bb2ab4671b8beba3444e61c0f17584b2fc-refs/branch-heads/4664@{#947}) on port 19824
Only local connections are allowed.
Please see https://chromedriver.chromium.org/security-considerations for suggestions on keeping ChromeDriver safe.
ChromeDriver was started successfully.
dic 21, 2021 2:32:58 AM org.openqa.selenium.remote.ProtocolHandshake createSession
INFORMACIÓN: Detected dialect: W3C
[Test worker] WARN net.thucydides.core.steps.BaseStepListener - stepFinished: current outcome:Register in uTest community:Given than Evaristo wants to join the uTest community [Evaristo open up [Evaristo opens the Utest world page]]
[Test worker] WARN net.thucydides.core.steps.BaseStepListener - stepFinished: current outcome:Register in uTest community:Given than Evaristo wants to join the uTest community [Evaristo open up [Evaristo opens the Utest world page]]
[Test worker] WARN net.thucydides.core.steps.BaseStepListener - stepStarted: net.thucydides.core.steps.ExecutedStepDescription@75b1c7f0
[Test worker] WARN net.thucydides.core.steps.BaseStepListener - stepStarted: net.thucydides.core.steps.ExecutedStepDescription@1e27c861
[Test worker] WARN net.thucydides.core.steps.BaseStepListener - stepFinished: current outcome:Register in uTest community:Given than Evaristo wants to join the uTest community [Evaristo open up [Evaristo opens the Utest world page], Evaristo form one [Evaristo clicks on Button that shows us the registration personal form]]
[Test worker] WARN net.thucydides.core.steps.BaseStepListener - stepStarted: net.thucydides.core.steps.ExecutedStepDescription@96ad966
[Test worker] WARN net.thucydides.core.steps.BaseStepListener - stepFinished: current outcome:Register in uTest community:Given than Evaristo wants to join the uTest community [Evaristo open up [Evaristo opens the Utest world page], Evaristo form one [Evaristo clicks on Button that shows us the registration personal form, Evaristo enters 'TypeYourFirstName' into where we write the first name]]
[Test worker] WARN net.thucydides.core.steps.BaseStepListener - stepStarted: net.thucydides.core.steps.ExecutedStepDescription@c121b4a
[Test worker] WARN net.thucydides.core.steps.BaseStepListener - stepFinished: current outcome:Register in uTest community:Given than Evaristo wants to join the uTest community [Evaristo open up [Evaristo opens the Utest world page], Evaristo form one [Evaristo clicks on Button that shows us the registration personal form, Evaristo enters 'TypeYourFirstName' into where we write the first name, Evaristo enters 'TypeYourLastName' into where we write the last name]]
[Test worker] WARN net.thucydides.core.steps.BaseStepListener - stepStarted: net.thucydides.core.steps.ExecutedStepDescription@7eb9d1c8
[Test worker] WARN net.thucydides.core.steps.BaseStepListener - stepFinished: current outcome:Register in uTest community:Given than Evaristo wants to join the uTest community [Evaristo open up [Evaristo opens the Utest world page], Evaristo form one [Evaristo clicks on Button that shows us the registration personal form, Evaristo enters 'TypeYourFirstName' into where we write the first name, Evaristo enters 'TypeYourLastName' into where we write the last name, Evaristo enters 'TypeYourEmail@example.com' into where we write the EMAIL ADDRESS]]
[Test worker] WARN net.thucydides.core.steps.BaseStepListener - stepStarted: net.thucydides.core.steps.ExecutedStepDescription@4104e60c
[Test worker] WARN net.thucydides.core.steps.BaseStepListener - stepFinished: current outcome:Register in uTest community:Given than Evaristo wants to join the uTest community [Evaristo open up [Evaristo opens the Utest world page], Evaristo form one [Evaristo clicks on Button that shows us the registration personal form, Evaristo enters 'TypeYourFirstName' into where we write the first name, Evaristo enters 'TypeYourLastName' into where we write the last name, Evaristo enters 'TypeYourEmail@example.com' into where we write the EMAIL ADDRESS, Evaristo selects index 5 in where we select the month of birth]]
[Test worker] WARN net.thucydides.core.steps.BaseStepListener - stepStarted: net.thucydides.core.steps.ExecutedStepDescription@56e00e0a
[Test worker] WARN net.thucydides.core.steps.BaseStepListener - stepFinished: current outcome:Register in uTest community:Given than Evaristo wants to join the uTest community [Evaristo open up [Evaristo opens the Utest world page], Evaristo form one [Evaristo clicks on Button that shows us the registration personal form, Evaristo enters 'TypeYourFirstName' into where we write the first name, Evaristo enters 'TypeYourLastName' into where we write the last name, Evaristo enters 'TypeYourEmail@example.com' into where we write the EMAIL ADDRESS, Evaristo selects index 5 in where we select the month of birth, Evaristo selects index 21 in where we select the day of birth]]
[Test worker] WARN net.thucydides.core.steps.BaseStepListener - stepStarted: net.thucydides.core.steps.ExecutedStepDescription@31418e89
[Test worker] WARN net.thucydides.core.steps.BaseStepListener - stepFinished: current outcome:Register in uTest community:Given than Evaristo wants to join the uTest community [Evaristo open up [Evaristo opens the Utest world page], Evaristo form one [Evaristo clicks on Button that shows us the registration personal form, Evaristo enters 'TypeYourFirstName' into where we write the first name, Evaristo enters 'TypeYourLastName' into where we write the last name, Evaristo enters 'TypeYourEmail@example.com' into where we write the EMAIL ADDRESS, Evaristo selects index 5 in where we select the month of birth, Evaristo selects index 21 in where we select the day of birth, Evaristo selects index 13 in where we select the year of birth]]
[Test worker] WARN net.thucydides.core.steps.BaseStepListener - stepStarted: net.thucydides.core.steps.ExecutedStepDescription@7657f951
[Test worker] WARN net.thucydides.core.steps.BaseStepListener - stepFinished: current outcome:Register in uTest community:Given than Evaristo wants to join the uTest community [Evaristo open up [Evaristo opens the Utest world page], Evaristo form one [Evaristo clicks on Button that shows us the registration personal form, Evaristo enters 'TypeYourFirstName' into where we write the first name, Evaristo enters 'TypeYourLastName' into where we write the last name, Evaristo enters 'TypeYourEmail@example.com' into where we write the EMAIL ADDRESS, Evaristo selects index 5 in where we select the month of birth, Evaristo selects index 21 in where we select the day of birth, Evaristo selects index 13 in where we select the year of birth, Evaristo clicks on button to continue to the next form]]
[Test worker] WARN net.thucydides.core.steps.BaseStepListener - stepFinished: current outcome:Register in uTest community:Given than Evaristo wants to join the uTest community [Evaristo open up [Evaristo opens the Utest world page], Evaristo form one [Evaristo clicks on Button that shows us the registration personal form, Evaristo enters 'TypeYourFirstName' into where we write the first name, Evaristo enters 'TypeYourLastName' into where we write the last name, Evaristo enters 'TypeYourEmail@example.com' into where we write the EMAIL ADDRESS, Evaristo selects index 5 in where we select the month of birth, Evaristo selects index 21 in where we select the day of birth, Evaristo selects index 13 in where we select the year of birth, Evaristo clicks on button to continue to the next form]]
[Test worker] WARN net.thucydides.core.steps.BaseStepListener - stepFinished: current outcome:Register in uTest community:Given than Evaristo wants to join the uTest community [Evaristo open up [Evaristo opens the Utest world page], Evaristo form one [Evaristo clicks on Button that shows us the registration personal form, Evaristo enters 'TypeYourFirstName' into where we write the first name, Evaristo enters 'TypeYourLastName' into where we write the last name, Evaristo enters 'TypeYourEmail@example.com' into where we write the EMAIL ADDRESS, Evaristo selects index 5 in where we select the month of birth, Evaristo selects index 21 in where we select the day of birth, Evaristo selects index 13 in where we select the year of birth, Evaristo clicks on button to continue to the next form]]
[Test worker] WARN net.thucydides.core.steps.BaseStepListener - stepStarted: net.thucydides.core.steps.ExecutedStepDescription@66206369
[Test worker] WARN net.thucydides.core.steps.BaseStepListener - stepFinished: current outcome:Register in uTest community:Given than Evaristo wants to join the uTest community [Evaristo open up [Evaristo opens the Utest world page], Evaristo form one [Evaristo clicks on Button that shows us the registration personal form, Evaristo enters 'TypeYourFirstName' into where we write the first name, Evaristo enters 'TypeYourLastName' into where we write the last name, Evaristo enters 'TypeYourEmail@example.com' into where we write the EMAIL ADDRESS, Evaristo selects index 5 in where we select the month of birth, Evaristo selects index 21 in where we select the day of birth, Evaristo selects index 13 in where we select the year of birth, Evaristo clicks on button to continue to the next form]], When he search for the registration form in the uTest community web page
[Test worker] WARN net.thucydides.core.steps.BaseStepListener - stepStarted: net.thucydides.core.steps.ExecutedStepDescription@7fdf0a29
[Test worker] WARN net.thucydides.core.steps.BaseStepListener - stepFinished: current outcome:Register in uTest community:Given than Evaristo wants to join the uTest community [Evaristo open up [Evaristo opens the Utest world page], Evaristo form one [Evaristo clicks on Button that shows us the registration personal form, Evaristo enters 'TypeYourFirstName' into where we write the first name, Evaristo enters 'TypeYourLastName' into where we write the last name, Evaristo enters 'TypeYourEmail@example.com' into where we write the EMAIL ADDRESS, Evaristo selects index 5 in where we select the month of birth, Evaristo selects index 21 in where we select the day of birth, Evaristo selects index 13 in where we select the year of birth, Evaristo clicks on button to continue to the next form]], When he search for the registration form in the uTest community web page, Then he registers his information and see the account register confirmation
[Test worker] WARN net.thucydides.core.steps.BaseStepListener - testFinished: Register in uTest community:Given than Evaristo wants to join the uTest community [Evaristo open up [Evaristo opens the Utest world page], Evaristo form one [Evaristo clicks on Button that shows us the registration personal form, Evaristo enters 'TypeYourFirstName' into where we write the first name, Evaristo enters 'TypeYourLastName' into where we write the last name, Evaristo enters 'TypeYourEmail@example.com' into where we write the EMAIL ADDRESS, Evaristo selects index 5 in where we select the month of birth, Evaristo selects index 21 in where we select the day of birth, Evaristo selects index 13 in where we select the year of birth, Evaristo clicks on button to continue to the next form]], When he search for the registration form in the uTest community web page, Then he registers his information and see the account register confirmation
[Test worker] WARN net.thucydides.core.steps.BaseStepListener - TestOutcomes: [Register in uTest community:Given than Evaristo wants to join the uTest community [Evaristo open up [Evaristo opens the Utest world page], Evaristo form one [Evaristo clicks on Button that shows us the registration personal form, Evaristo enters 'TypeYourFirstName' into where we write the first name, Evaristo enters 'TypeYourLastName' into where we write the last name, Evaristo enters 'TypeYourEmail@example.com' into where we write the EMAIL ADDRESS, Evaristo selects index 5 in where we select the month of birth, Evaristo selects index 21 in where we select the day of birth, Evaristo selects index 13 in where we select the year of birth, Evaristo clicks on button to continue to the next form]], When he search for the registration form in the uTest community web page, Then he registers his information and see the account register confirmation]
[Test worker] WARN net.thucydides.core.steps.BaseStepListener - Final testOutcomes: [Register in uTest community:Given than Evaristo wants to join the uTest community [Evaristo open up [Evaristo opens the Utest world page], Evaristo form one [Evaristo clicks on Button that shows us the registration personal form, Evaristo enters 'TypeYourFirstName' into where we write the first name, Evaristo enters 'TypeYourLastName' into where we write the last name, Evaristo enters 'TypeYourEmail@example.com' into where we write the EMAIL ADDRESS, Evaristo selects index 5 in where we select the month of birth, Evaristo selects index 21 in where we select the day of birth, Evaristo selects index 13 in where we select the year of birth, Evaristo clicks on button to continue to the next form]], When he search for the registration form in the uTest community web page, Then he registers his information and see the account register confirmation]
[Test worker] INFO net.thucydides.core.steps.ConsoleLoggingListener - 
        __    _____ _____ ____ _____   ____   _    ____  ____  _____ ____  
  _     \ \  |_   _| ____/ ___|_   _| |  _ \ / \  / ___|/ ___|| ____|  _ \ 
 (_)_____| |   | | |  _| \___ \ | |   | |_) / _ \ \___ \\___ \|  _| | | | |
  _|_____| |   | | | |___ ___) || |   |  __/ ___ \ ___) |___) | |___| |_| |
 (_)     | |   |_| |_____|____/ |_|   |_| /_/   \_\____/|____/|_____|____/ 
        /_/                                                                

TEST PASSED: Register in uTest community
----------------------------------------------------------------------------
]]></system-err>
</testsuite>
